[0.806s] DEBUG:colcon:Command line arguments: ['/usr/bin/colcon', 'build']
[0.806s] DEBUG:colcon:Parsed command line arguments: Namespace(log_base=None, log_level=None, verb_name='build', build_base='build', install_base='install', merge_install=False, symlink_install=False, test_result_base=None, continue_on_error=False, executor='parallel', parallel_workers=4, event_handlers=None, ignore_user_meta=False, metas=['./colcon.meta'], base_paths=['.'], packages_ignore=None, packages_ignore_regex=None, paths=None, packages_up_to=None, packages_up_to_regex=None, packages_above=None, packages_above_and_dependencies=None, packages_above_depth=None, packages_select_by_dep=None, packages_skip_by_dep=None, packages_skip_up_to=None, packages_select_build_failed=False, packages_skip_build_finished=False, packages_select_test_failures=False, packages_skip_test_passed=False, packages_select=None, packages_skip=None, packages_select_regex=None, packages_skip_regex=None, packages_start=None, packages_end=None, allow_overriding=[], cmake_args=None, cmake_target=None, cmake_target_skip_unavailable=False, cmake_clean_cache=False, cmake_clean_first=False, cmake_force_configure=False, ament_cmake_args=None, catkin_cmake_args=None, catkin_skip_building_tests=False, mixin_files=None, mixin=None, verb_parser=<colcon_mixin.mixin.mixin_argument.MixinArgumentDecorator object at 0xffffa8ea2380>, verb_extension=<colcon_core.verb.build.BuildVerb object at 0xffffa8ea1ed0>, main=<bound method BuildVerb.main of <colcon_core.verb.build.BuildVerb object at 0xffffa8ea1ed0>>, mixin_verb=('build',))
[2.091s] Level 1:colcon.colcon_core.package_discovery:discover_packages(colcon_meta) check parameters
[2.092s] Level 1:colcon.colcon_core.package_discovery:discover_packages(recursive) check parameters
[2.092s] Level 1:colcon.colcon_core.package_discovery:discover_packages(ignore) check parameters
[2.092s] Level 1:colcon.colcon_core.package_discovery:discover_packages(path) check parameters
[2.092s] Level 1:colcon.colcon_core.package_discovery:discover_packages(colcon_meta) discover
[2.092s] Level 1:colcon.colcon_core.package_discovery:discover_packages(recursive) discover
[2.093s] INFO:colcon.colcon_core.package_discovery:Crawling recursively for packages in '/home/movingbox/ros2_ws/src'
[2.093s] Level 1:colcon.colcon_core.package_identification:_identify(.) by extensions ['ignore', 'ignore_ament_install']
[2.094s] Level 1:colcon.colcon_core.package_identification:_identify(.) by extension 'ignore'
[2.094s] Level 1:colcon.colcon_core.package_identification:_identify(.) by extension 'ignore_ament_install'
[2.094s] Level 1:colcon.colcon_core.package_identification:_identify(.) by extensions ['colcon_pkg']
[2.094s] Level 1:colcon.colcon_core.package_identification:_identify(.) by extension 'colcon_pkg'
[2.095s] Level 1:colcon.colcon_core.package_identification:_identify(.) by extensions ['colcon_meta']
[2.095s] Level 1:colcon.colcon_core.package_identification:_identify(.) by extension 'colcon_meta'
[2.095s] Level 1:colcon.colcon_core.package_identification:_identify(.) by extensions ['ros']
[2.095s] Level 1:colcon.colcon_core.package_identification:_identify(.) by extension 'ros'
[2.170s] Level 1:colcon.colcon_core.package_identification:_identify(.) by extensions ['cmake', 'python']
[2.171s] Level 1:colcon.colcon_core.package_identification:_identify(.) by extension 'cmake'
[2.171s] Level 1:colcon.colcon_core.package_identification:_identify(.) by extension 'python'
[2.171s] Level 1:colcon.colcon_core.package_identification:_identify(.) by extensions ['python_setup_py']
[2.171s] Level 1:colcon.colcon_core.package_identification:_identify(.) by extension 'python_setup_py'
[2.172s] Level 1:colcon.colcon_core.package_identification:_identify(build) by extensions ['ignore', 'ignore_ament_install']
[2.172s] Level 1:colcon.colcon_core.package_identification:_identify(build) by extension 'ignore'
[2.172s] Level 1:colcon.colcon_core.package_identification:_identify(build) ignored
[2.173s] Level 1:colcon.colcon_core.package_identification:_identify(install) by extensions ['ignore', 'ignore_ament_install']
[2.174s] Level 1:colcon.colcon_core.package_identification:_identify(install) by extension 'ignore'
[2.174s] Level 1:colcon.colcon_core.package_identification:_identify(install) ignored
[2.174s] Level 1:colcon.colcon_core.package_identification:_identify(log) by extensions ['ignore', 'ignore_ament_install']
[2.175s] Level 1:colcon.colcon_core.package_identification:_identify(log) by extension 'ignore'
[2.175s] Level 1:colcon.colcon_core.package_identification:_identify(log) ignored
[2.176s] Level 1:colcon.colcon_core.package_identification:_identify(movingbox_gps) by extensions ['ignore', 'ignore_ament_install']
[2.177s] Level 1:colcon.colcon_core.package_identification:_identify(movingbox_gps) by extension 'ignore'
[2.177s] Level 1:colcon.colcon_core.package_identification:_identify(movingbox_gps) by extension 'ignore_ament_install'
[2.177s] Level 1:colcon.colcon_core.package_identification:_identify(movingbox_gps) by extensions ['colcon_pkg']
[2.177s] Level 1:colcon.colcon_core.package_identification:_identify(movingbox_gps) by extension 'colcon_pkg'
[2.178s] Level 1:colcon.colcon_core.package_identification:_identify(movingbox_gps) by extensions ['colcon_meta']
[2.178s] Level 1:colcon.colcon_core.package_identification:_identify(movingbox_gps) by extension 'colcon_meta'
[2.178s] Level 1:colcon.colcon_core.package_identification:_identify(movingbox_gps) by extensions ['ros']
[2.178s] Level 1:colcon.colcon_core.package_identification:_identify(movingbox_gps) by extension 'ros'
[2.192s] DEBUG:colcon.colcon_core.package_identification:Package 'movingbox_gps' with type 'ros.ament_python' and name 'movingbox_gps'
[2.193s] Level 1:colcon.colcon_core.package_discovery:discover_packages(recursive) using defaults
[2.193s] Level 1:colcon.colcon_core.package_discovery:discover_packages(ignore) discover
[2.193s] Level 1:colcon.colcon_core.package_discovery:discover_packages(ignore) using defaults
[2.193s] Level 1:colcon.colcon_core.package_discovery:discover_packages(path) discover
[2.193s] Level 1:colcon.colcon_core.package_discovery:discover_packages(path) using defaults
[2.334s] Level 1:colcon.colcon_core.package_discovery:discover_packages(prefix_path) check parameters
[2.334s] Level 1:colcon.colcon_core.package_discovery:discover_packages(prefix_path) discover
[2.348s] DEBUG:colcon.colcon_installed_package_information.package_discovery:Found 1 installed packages in /home/movingbox/ros2_ws/install
[2.360s] DEBUG:colcon.colcon_installed_package_information.package_discovery:Found 270 installed packages in /opt/ros/humble
[2.372s] Level 1:colcon.colcon_core.package_discovery:discover_packages(prefix_path) using defaults
[2.608s] Level 5:colcon.colcon_core.verb:set package 'movingbox_gps' build argument 'cmake_args' from command line to 'None'
[2.608s] Level 5:colcon.colcon_core.verb:set package 'movingbox_gps' build argument 'cmake_target' from command line to 'None'
[2.608s] Level 5:colcon.colcon_core.verb:set package 'movingbox_gps' build argument 'cmake_target_skip_unavailable' from command line to 'False'
[2.609s] Level 5:colcon.colcon_core.verb:set package 'movingbox_gps' build argument 'cmake_clean_cache' from command line to 'False'
[2.609s] Level 5:colcon.colcon_core.verb:set package 'movingbox_gps' build argument 'cmake_clean_first' from command line to 'False'
[2.609s] Level 5:colcon.colcon_core.verb:set package 'movingbox_gps' build argument 'cmake_force_configure' from command line to 'False'
[2.609s] Level 5:colcon.colcon_core.verb:set package 'movingbox_gps' build argument 'ament_cmake_args' from command line to 'None'
[2.609s] Level 5:colcon.colcon_core.verb:set package 'movingbox_gps' build argument 'catkin_cmake_args' from command line to 'None'
[2.609s] Level 5:colcon.colcon_core.verb:set package 'movingbox_gps' build argument 'catkin_skip_building_tests' from command line to 'False'
[2.609s] DEBUG:colcon.colcon_core.verb:Building package 'movingbox_gps' with the following arguments: {'ament_cmake_args': None, 'build_base': '/home/movingbox/ros2_ws/src/build/movingbox_gps', 'catkin_cmake_args': None, 'catkin_skip_building_tests': False, 'cmake_args': None, 'cmake_clean_cache': False, 'cmake_clean_first': False, 'cmake_force_configure': False, 'cmake_target': None, 'cmake_target_skip_unavailable': False, 'install_base': '/home/movingbox/ros2_ws/src/install/movingbox_gps', 'merge_install': False, 'path': '/home/movingbox/ros2_ws/src/movingbox_gps', 'symlink_install': False, 'test_result_base': None}
[2.610s] INFO:colcon.colcon_core.executor:Executing jobs using 'parallel' executor
[2.614s] DEBUG:colcon.colcon_parallel_executor.executor.parallel:run_until_complete
[2.615s] INFO:colcon.colcon_ros.task.ament_python.build:Building ROS package in '/home/movingbox/ros2_ws/src/movingbox_gps' with build type 'ament_python'
[2.616s] Level 1:colcon.colcon_core.shell:create_environment_hook('movingbox_gps', 'ament_prefix_path')
[2.641s] INFO:colcon.colcon_core.plugin_system:Skipping extension 'colcon_core.shell.bat': Not used on non-Windows systems
[2.642s] INFO:colcon.colcon_core.shell:Creating environment hook '/home/movingbox/ros2_ws/src/install/movingbox_gps/share/movingbox_gps/hook/ament_prefix_path.ps1'
[2.648s] INFO:colcon.colcon_core.shell:Creating environment descriptor '/home/movingbox/ros2_ws/src/install/movingbox_gps/share/movingbox_gps/hook/ament_prefix_path.dsv'
[2.652s] INFO:colcon.colcon_core.shell:Creating environment hook '/home/movingbox/ros2_ws/src/install/movingbox_gps/share/movingbox_gps/hook/ament_prefix_path.sh'
[2.659s] INFO:colcon.colcon_core.shell:Skip shell extension 'powershell' for command environment: Not usable outside of PowerShell
[2.659s] DEBUG:colcon.colcon_core.shell:Skip shell extension 'dsv' for command environment
[4.138s] INFO:colcon.colcon_core.task.python.build:Building Python package in '/home/movingbox/ros2_ws/src/movingbox_gps'
[4.139s] INFO:colcon.colcon_core.shell:Skip shell extension 'powershell' for command environment: Not usable outside of PowerShell
[4.140s] DEBUG:colcon.colcon_core.shell:Skip shell extension 'dsv' for command environment
[6.159s] DEBUG:colcon.colcon_core.event_handler.log_command:Invoking command in '/home/movingbox/ros2_ws/src/movingbox_gps': PYTHONPATH=/home/movingbox/ros2_ws/src/build/movingbox_gps/prefix_override:/usr/lib/python3/dist-packages/colcon_core/task/python/colcon_distutils_commands:/home/movingbox/ros2_ws/src/install/movingbox_gps/lib/python3.10/site-packages:${PYTHONPATH} /usr/bin/python3 -W ignore:setup.py install is deprecated setup.py egg_info --egg-base ../build/movingbox_gps build --build-base /home/movingbox/ros2_ws/src/build/movingbox_gps/build install --record /home/movingbox/ros2_ws/src/build/movingbox_gps/install.log --single-version-externally-managed install_data
[7.831s] DEBUG:colcon.colcon_core.event_handler.log_command:Invoked command in '/home/movingbox/ros2_ws/src/movingbox_gps' returned '0': PYTHONPATH=/home/movingbox/ros2_ws/src/build/movingbox_gps/prefix_override:/usr/lib/python3/dist-packages/colcon_core/task/python/colcon_distutils_commands:/home/movingbox/ros2_ws/src/install/movingbox_gps/lib/python3.10/site-packages:${PYTHONPATH} /usr/bin/python3 -W ignore:setup.py install is deprecated setup.py egg_info --egg-base ../build/movingbox_gps build --build-base /home/movingbox/ros2_ws/src/build/movingbox_gps/build install --record /home/movingbox/ros2_ws/src/build/movingbox_gps/install.log --single-version-externally-managed install_data
[7.860s] Level 1:colcon.colcon_core.environment:checking '/home/movingbox/ros2_ws/src/install/movingbox_gps' for CMake module files
[7.864s] Level 1:colcon.colcon_core.environment:checking '/home/movingbox/ros2_ws/src/install/movingbox_gps' for CMake config files
[7.870s] Level 1:colcon.colcon_core.environment:checking '/home/movingbox/ros2_ws/src/install/movingbox_gps/lib'
[7.871s] Level 1:colcon.colcon_core.environment:checking '/home/movingbox/ros2_ws/src/install/movingbox_gps/bin'
[7.871s] Level 1:colcon.colcon_core.environment:checking '/home/movingbox/ros2_ws/src/install/movingbox_gps/lib/pkgconfig/movingbox_gps.pc'
[7.872s] Level 1:colcon.colcon_core.environment:checking '/home/movingbox/ros2_ws/src/install/movingbox_gps/lib/python3.10/site-packages'
[7.872s] Level 1:colcon.colcon_core.shell:create_environment_hook('movingbox_gps', 'pythonpath')
[7.874s] INFO:colcon.colcon_core.shell:Creating environment hook '/home/movingbox/ros2_ws/src/install/movingbox_gps/share/movingbox_gps/hook/pythonpath.ps1'
[7.876s] INFO:colcon.colcon_core.shell:Creating environment descriptor '/home/movingbox/ros2_ws/src/install/movingbox_gps/share/movingbox_gps/hook/pythonpath.dsv'
[7.878s] INFO:colcon.colcon_core.shell:Creating environment hook '/home/movingbox/ros2_ws/src/install/movingbox_gps/share/movingbox_gps/hook/pythonpath.sh'
[7.881s] Level 1:colcon.colcon_core.environment:checking '/home/movingbox/ros2_ws/src/install/movingbox_gps/bin'
[7.882s] Level 1:colcon.colcon_core.environment:create_environment_scripts_only(movingbox_gps)
[7.883s] INFO:colcon.colcon_core.shell:Creating package script '/home/movingbox/ros2_ws/src/install/movingbox_gps/share/movingbox_gps/package.ps1'
[7.888s] INFO:colcon.colcon_core.shell:Creating package descriptor '/home/movingbox/ros2_ws/src/install/movingbox_gps/share/movingbox_gps/package.dsv'
[7.892s] INFO:colcon.colcon_core.shell:Creating package script '/home/movingbox/ros2_ws/src/install/movingbox_gps/share/movingbox_gps/package.sh'
[7.900s] INFO:colcon.colcon_core.shell:Creating package script '/home/movingbox/ros2_ws/src/install/movingbox_gps/share/movingbox_gps/package.bash'
[7.906s] INFO:colcon.colcon_core.shell:Creating package script '/home/movingbox/ros2_ws/src/install/movingbox_gps/share/movingbox_gps/package.zsh'
[7.914s] Level 1:colcon.colcon_core.environment:create_file_with_runtime_dependencies(/home/movingbox/ros2_ws/src/install/movingbox_gps/share/colcon-core/packages/movingbox_gps)
[7.916s] DEBUG:colcon.colcon_parallel_executor.executor.parallel:closing loop
[7.918s] DEBUG:colcon.colcon_parallel_executor.executor.parallel:loop closed
[7.918s] DEBUG:colcon.colcon_parallel_executor.executor.parallel:run_until_complete finished with '0'
[7.919s] DEBUG:colcon.colcon_core.event_reactor:joining thread
[7.948s] INFO:colcon.colcon_core.plugin_system:Skipping extension 'colcon_notification.desktop_notification.terminal_notifier': Not used on non-Darwin systems
[7.949s] INFO:colcon.colcon_core.plugin_system:Skipping extension 'colcon_notification.desktop_notification.win32': Not used on non-Windows systems
[7.949s] INFO:colcon.colcon_notification.desktop_notification:Sending desktop notification using 'notify2'
[8.071s] DEBUG:colcon.colcon_core.event_reactor:joined thread
[8.072s] INFO:colcon.colcon_core.shell:Creating prefix script '/home/movingbox/ros2_ws/src/install/local_setup.ps1'
[8.078s] INFO:colcon.colcon_core.shell:Creating prefix util module '/home/movingbox/ros2_ws/src/install/_local_setup_util_ps1.py'
[8.087s] INFO:colcon.colcon_core.shell:Creating prefix chain script '/home/movingbox/ros2_ws/src/install/setup.ps1'
[8.095s] INFO:colcon.colcon_core.shell:Creating prefix script '/home/movingbox/ros2_ws/src/install/local_setup.sh'
[8.102s] INFO:colcon.colcon_core.shell:Creating prefix util module '/home/movingbox/ros2_ws/src/install/_local_setup_util_sh.py'
[8.106s] INFO:colcon.colcon_core.shell:Creating prefix chain script '/home/movingbox/ros2_ws/src/install/setup.sh'
[8.114s] INFO:colcon.colcon_core.shell:Creating prefix script '/home/movingbox/ros2_ws/src/install/local_setup.bash'
[8.118s] INFO:colcon.colcon_core.shell:Creating prefix chain script '/home/movingbox/ros2_ws/src/install/setup.bash'
[8.125s] INFO:colcon.colcon_core.shell:Creating prefix script '/home/movingbox/ros2_ws/src/install/local_setup.zsh'
[8.130s] INFO:colcon.colcon_core.shell:Creating prefix chain script '/home/movingbox/ros2_ws/src/install/setup.zsh'
