running egg_info
creating ../build/movingbox_gps/movingbox_gps.egg-info
writing ../build/movingbox_gps/movingbox_gps.egg-info/PKG-INFO
writing dependency_links to ../build/movingbox_gps/movingbox_gps.egg-info/dependency_links.txt
writing entry points to ../build/movingbox_gps/movingbox_gps.egg-info/entry_points.txt
writing requirements to ../build/movingbox_gps/movingbox_gps.egg-info/requires.txt
writing top-level names to ../build/movingbox_gps/movingbox_gps.egg-info/top_level.txt
writing manifest file '../build/movingbox_gps/movingbox_gps.egg-info/SOURCES.txt'
reading manifest file '../build/movingbox_gps/movingbox_gps.egg-info/SOURCES.txt'
writing manifest file '../build/movingbox_gps/movingbox_gps.egg-info/SOURCES.txt'
running build
running build_py
creating /home/movingbox/ros2_ws/src/build/movingbox_gps/build
creating /home/movingbox/ros2_ws/src/build/movingbox_gps/build/lib
creating /home/movingbox/ros2_ws/src/build/movingbox_gps/build/lib/movingbox_gps
copying movingbox_gps/test_sub.py -> /home/movingbox/ros2_ws/src/build/movingbox_gps/build/lib/movingbox_gps
copying movingbox_gps/gps_sender.py -> /home/movingbox/ros2_ws/src/build/movingbox_gps/build/lib/movingbox_gps
copying movingbox_gps/__init__.py -> /home/movingbox/ros2_ws/src/build/movingbox_gps/build/lib/movingbox_gps
running install
running install_lib
creating /home/movingbox/ros2_ws/src/install/movingbox_gps/lib/python3.10/site-packages/movingbox_gps
copying /home/movingbox/ros2_ws/src/build/movingbox_gps/build/lib/movingbox_gps/test_sub.py -> /home/movingbox/ros2_ws/src/install/movingbox_gps/lib/python3.10/site-packages/movingbox_gps
copying /home/movingbox/ros2_ws/src/build/movingbox_gps/build/lib/movingbox_gps/gps_sender.py -> /home/movingbox/ros2_ws/src/install/movingbox_gps/lib/python3.10/site-packages/movingbox_gps
copying /home/movingbox/ros2_ws/src/build/movingbox_gps/build/lib/movingbox_gps/__init__.py -> /home/movingbox/ros2_ws/src/install/movingbox_gps/lib/python3.10/site-packages/movingbox_gps
byte-compiling /home/movingbox/ros2_ws/src/install/movingbox_gps/lib/python3.10/site-packages/movingbox_gps/test_sub.py to test_sub.cpython-310.pyc
byte-compiling /home/movingbox/ros2_ws/src/install/movingbox_gps/lib/python3.10/site-packages/movingbox_gps/gps_sender.py to gps_sender.cpython-310.pyc
byte-compiling /home/movingbox/ros2_ws/src/install/movingbox_gps/lib/python3.10/site-packages/movingbox_gps/__init__.py to __init__.cpython-310.pyc
running install_data
creating /home/movingbox/ros2_ws/src/install/movingbox_gps/share/ament_index
creating /home/movingbox/ros2_ws/src/install/movingbox_gps/share/ament_index/resource_index
creating /home/movingbox/ros2_ws/src/install/movingbox_gps/share/ament_index/resource_index/packages
copying resource/movingbox_gps -> /home/movingbox/ros2_ws/src/install/movingbox_gps/share/ament_index/resource_index/packages
copying package.xml -> /home/movingbox/ros2_ws/src/install/movingbox_gps/share/movingbox_gps
running install_egg_info
Copying ../build/movingbox_gps/movingbox_gps.egg-info to /home/movingbox/ros2_ws/src/install/movingbox_gps/lib/python3.10/site-packages/movingbox_gps-0.0.0-py3.10.egg-info
running install_scripts
Installing gps_sender script to /home/movingbox/ros2_ws/src/install/movingbox_gps/lib/movingbox_gps
Installing test_sub script to /home/movingbox/ros2_ws/src/install/movingbox_gps/lib/movingbox_gps
writing list of installed files to '/home/movingbox/ros2_ws/src/build/movingbox_gps/install.log'
