running egg_info
writing ../build/movingbox_gps/movingbox_gps.egg-info/PKG-INFO
writing dependency_links to ../build/movingbox_gps/movingbox_gps.egg-info/dependency_links.txt
writing entry points to ../build/movingbox_gps/movingbox_gps.egg-info/entry_points.txt
writing requirements to ../build/movingbox_gps/movingbox_gps.egg-info/requires.txt
writing top-level names to ../build/movingbox_gps/movingbox_gps.egg-info/top_level.txt
reading manifest file '../build/movingbox_gps/movingbox_gps.egg-info/SOURCES.txt'
writing manifest file '../build/movingbox_gps/movingbox_gps.egg-info/SOURCES.txt'
running build
running build_py
running install
running install_lib
running install_data
running install_egg_info
removing '/home/movingbox/ros2_ws/src/install/movingbox_gps/lib/python3.10/site-packages/movingbox_gps-0.0.0-py3.10.egg-info' (and everything under it)
Copying ../build/movingbox_gps/movingbox_gps.egg-info to /home/movingbox/ros2_ws/src/install/movingbox_gps/lib/python3.10/site-packages/movingbox_gps-0.0.0-py3.10.egg-info
running install_scripts
Installing gps_sender script to /home/movingbox/ros2_ws/src/install/movingbox_gps/lib/movingbox_gps
Installing test_sub script to /home/movingbox/ros2_ws/src/install/movingbox_gps/lib/movingbox_gps
writing list of installed files to '/home/movingbox/ros2_ws/src/build/movingbox_gps/install.log'
